{"/Users/aman/Desktop/hackreactor/Q-A/index.js": {"path":"/Users/aman/Desktop/hackreactor/Q-A/index.js","statementMap":{"0":{"start":{"line":1,"column":16},"end":{"line":1,"column":34}},"1":{"start":{"line":2,"column":14},"end":{"line":2,"column":30}},"2":{"start":{"line":3,"column":12},"end":{"line":3,"column":21}},"3":{"start":{"line":4,"column":13},"end":{"line":4,"column":41}},"4":{"start":{"line":5,"column":0},"end":{"line":5,"column":24}},"5":{"start":{"line":6,"column":14},"end":{"line":6,"column":38}},"6":{"start":{"line":8,"column":0},"end":{"line":15,"column":2}},"7":{"start":{"line":10,"column":1},"end":{"line":14,"column":6}},"8":{"start":{"line":10,"column":61},"end":{"line":10,"column":75}},"9":{"start":{"line":12,"column":6},"end":{"line":12,"column":22}},"10":{"start":{"line":13,"column":6},"end":{"line":13,"column":27}},"11":{"start":{"line":17,"column":0},"end":{"line":26,"column":3}},"12":{"start":{"line":18,"column":2},"end":{"line":25,"column":6}},"13":{"start":{"line":20,"column":6},"end":{"line":20,"column":25}},"14":{"start":{"line":23,"column":6},"end":{"line":23,"column":22}},"15":{"start":{"line":24,"column":6},"end":{"line":24,"column":27}},"16":{"start":{"line":28,"column":0},"end":{"line":35,"column":3}},"17":{"start":{"line":29,"column":2},"end":{"line":34,"column":6}},"18":{"start":{"line":30,"column":21},"end":{"line":30,"column":30}},"19":{"start":{"line":32,"column":6},"end":{"line":32,"column":22}},"20":{"start":{"line":33,"column":6},"end":{"line":33,"column":27}},"21":{"start":{"line":37,"column":0},"end":{"line":44,"column":3}},"22":{"start":{"line":38,"column":2},"end":{"line":43,"column":6}},"23":{"start":{"line":39,"column":22},"end":{"line":39,"column":31}},"24":{"start":{"line":41,"column":6},"end":{"line":41,"column":22}},"25":{"start":{"line":42,"column":6},"end":{"line":42,"column":27}},"26":{"start":{"line":48,"column":0},"end":{"line":55,"column":2}},"27":{"start":{"line":49,"column":2},"end":{"line":54,"column":6}},"28":{"start":{"line":50,"column":21},"end":{"line":50,"column":35}},"29":{"start":{"line":52,"column":6},"end":{"line":52,"column":22}},"30":{"start":{"line":53,"column":6},"end":{"line":53,"column":27}},"31":{"start":{"line":57,"column":0},"end":{"line":66,"column":3}},"32":{"start":{"line":58,"column":2},"end":{"line":65,"column":4}},"33":{"start":{"line":60,"column":4},"end":{"line":60,"column":23}},"34":{"start":{"line":63,"column":4},"end":{"line":63,"column":20}},"35":{"start":{"line":64,"column":4},"end":{"line":64,"column":25}},"36":{"start":{"line":68,"column":0},"end":{"line":75,"column":3}},"37":{"start":{"line":69,"column":2},"end":{"line":74,"column":4}},"38":{"start":{"line":70,"column":19},"end":{"line":70,"column":33}},"39":{"start":{"line":72,"column":4},"end":{"line":72,"column":20}},"40":{"start":{"line":73,"column":4},"end":{"line":73,"column":25}},"41":{"start":{"line":77,"column":0},"end":{"line":84,"column":3}},"42":{"start":{"line":78,"column":2},"end":{"line":83,"column":4}},"43":{"start":{"line":79,"column":19},"end":{"line":79,"column":33}},"44":{"start":{"line":81,"column":4},"end":{"line":81,"column":20}},"45":{"start":{"line":82,"column":4},"end":{"line":82,"column":25}},"46":{"start":{"line":88,"column":0},"end":{"line":90,"column":2}},"47":{"start":{"line":89,"column":2},"end":{"line":89,"column":42}},"48":{"start":{"line":92,"column":0},"end":{"line":92,"column":24}}},"fnMap":{"0":{"name":"(anonymous_0)","decl":{"start":{"line":8,"column":26},"end":{"line":8,"column":27}},"loc":{"start":{"line":8,"column":46},"end":{"line":15,"column":1}},"line":8},"1":{"name":"(anonymous_1)","decl":{"start":{"line":10,"column":49},"end":{"line":10,"column":50}},"loc":{"start":{"line":10,"column":59},"end":{"line":10,"column":77}},"line":10},"2":{"name":"(anonymous_2)","decl":{"start":{"line":11,"column":11},"end":{"line":11,"column":12}},"loc":{"start":{"line":11,"column":28},"end":{"line":14,"column":5}},"line":11},"3":{"name":"(anonymous_3)","decl":{"start":{"line":17,"column":26},"end":{"line":17,"column":27}},"loc":{"start":{"line":17,"column":46},"end":{"line":26,"column":1}},"line":17},"4":{"name":"(anonymous_4)","decl":{"start":{"line":19,"column":10},"end":{"line":19,"column":11}},"loc":{"start":{"line":19,"column":20},"end":{"line":21,"column":5}},"line":19},"5":{"name":"(anonymous_5)","decl":{"start":{"line":22,"column":11},"end":{"line":22,"column":12}},"loc":{"start":{"line":22,"column":28},"end":{"line":25,"column":5}},"line":22},"6":{"name":"(anonymous_6)","decl":{"start":{"line":28,"column":46},"end":{"line":28,"column":47}},"loc":{"start":{"line":28,"column":66},"end":{"line":35,"column":1}},"line":28},"7":{"name":"(anonymous_7)","decl":{"start":{"line":30,"column":10},"end":{"line":30,"column":11}},"loc":{"start":{"line":30,"column":20},"end":{"line":30,"column":32}},"line":30},"8":{"name":"(anonymous_8)","decl":{"start":{"line":31,"column":11},"end":{"line":31,"column":12}},"loc":{"start":{"line":31,"column":28},"end":{"line":34,"column":5}},"line":31},"9":{"name":"(anonymous_9)","decl":{"start":{"line":37,"column":41},"end":{"line":37,"column":42}},"loc":{"start":{"line":37,"column":61},"end":{"line":44,"column":1}},"line":37},"10":{"name":"(anonymous_10)","decl":{"start":{"line":39,"column":10},"end":{"line":39,"column":11}},"loc":{"start":{"line":39,"column":20},"end":{"line":39,"column":33}},"line":39},"11":{"name":"(anonymous_11)","decl":{"start":{"line":40,"column":11},"end":{"line":40,"column":12}},"loc":{"start":{"line":40,"column":28},"end":{"line":43,"column":5}},"line":40},"12":{"name":"(anonymous_12)","decl":{"start":{"line":48,"column":46},"end":{"line":48,"column":47}},"loc":{"start":{"line":48,"column":66},"end":{"line":55,"column":1}},"line":48},"13":{"name":"(anonymous_13)","decl":{"start":{"line":50,"column":10},"end":{"line":50,"column":11}},"loc":{"start":{"line":50,"column":20},"end":{"line":50,"column":37}},"line":50},"14":{"name":"(anonymous_14)","decl":{"start":{"line":51,"column":11},"end":{"line":51,"column":12}},"loc":{"start":{"line":51,"column":28},"end":{"line":54,"column":5}},"line":51},"15":{"name":"(anonymous_15)","decl":{"start":{"line":57,"column":46},"end":{"line":57,"column":47}},"loc":{"start":{"line":57,"column":66},"end":{"line":66,"column":1}},"line":57},"16":{"name":"(anonymous_16)","decl":{"start":{"line":59,"column":8},"end":{"line":59,"column":9}},"loc":{"start":{"line":59,"column":18},"end":{"line":61,"column":3}},"line":59},"17":{"name":"(anonymous_17)","decl":{"start":{"line":62,"column":9},"end":{"line":62,"column":10}},"loc":{"start":{"line":62,"column":26},"end":{"line":65,"column":3}},"line":62},"18":{"name":"(anonymous_18)","decl":{"start":{"line":68,"column":40},"end":{"line":68,"column":41}},"loc":{"start":{"line":68,"column":60},"end":{"line":75,"column":1}},"line":68},"19":{"name":"(anonymous_19)","decl":{"start":{"line":70,"column":8},"end":{"line":70,"column":9}},"loc":{"start":{"line":70,"column":18},"end":{"line":70,"column":35}},"line":70},"20":{"name":"(anonymous_20)","decl":{"start":{"line":71,"column":9},"end":{"line":71,"column":10}},"loc":{"start":{"line":71,"column":26},"end":{"line":74,"column":3}},"line":71},"21":{"name":"(anonymous_21)","decl":{"start":{"line":77,"column":44},"end":{"line":77,"column":45}},"loc":{"start":{"line":77,"column":64},"end":{"line":84,"column":1}},"line":77},"22":{"name":"(anonymous_22)","decl":{"start":{"line":79,"column":8},"end":{"line":79,"column":9}},"loc":{"start":{"line":79,"column":18},"end":{"line":79,"column":35}},"line":79},"23":{"name":"(anonymous_23)","decl":{"start":{"line":80,"column":9},"end":{"line":80,"column":10}},"loc":{"start":{"line":80,"column":26},"end":{"line":83,"column":3}},"line":80},"24":{"name":"(anonymous_24)","decl":{"start":{"line":88,"column":17},"end":{"line":88,"column":18}},"loc":{"start":{"line":88,"column":23},"end":{"line":90,"column":1}},"line":88}},"branchMap":{"0":{"loc":{"start":{"line":4,"column":13},"end":{"line":4,"column":41}},"type":"binary-expr","locations":[{"start":{"line":4,"column":13},"end":{"line":4,"column":33}},{"start":{"line":4,"column":37},"end":{"line":4,"column":41}}],"line":4}},"s":{"0":1,"1":1,"2":1,"3":1,"4":1,"5":1,"6":1,"7":0,"8":0,"9":0,"10":0,"11":1,"12":0,"13":0,"14":0,"15":0,"16":1,"17":0,"18":0,"19":0,"20":0,"21":1,"22":0,"23":0,"24":0,"25":0,"26":1,"27":0,"28":0,"29":0,"30":0,"31":1,"32":0,"33":0,"34":0,"35":0,"36":1,"37":0,"38":0,"39":0,"40":0,"41":1,"42":0,"43":0,"44":0,"45":0,"46":1,"47":0,"48":1},"f":{"0":0,"1":0,"2":0,"3":0,"4":0,"5":0,"6":0,"7":0,"8":0,"9":0,"10":0,"11":0,"12":0,"13":0,"14":0,"15":0,"16":0,"17":0,"18":0,"19":0,"20":0,"21":0,"22":0,"23":0,"24":0},"b":{"0":[1,1]},"_coverageSchema":"1a1c01bbd47fc00a2c39e90264f33305004495a9","hash":"aa04292143362d9cc0e036e0a1d104b5bd2ba2cd"}
,"/Users/aman/Desktop/hackreactor/Q-A/db/index.js": {"path":"/Users/aman/Desktop/hackreactor/Q-A/db/index.js","statementMap":{"0":{"start":{"line":1,"column":17},"end":{"line":1,"column":36}},"1":{"start":{"line":3,"column":0},"end":{"line":3,"column":95}},"2":{"start":{"line":5,"column":21},"end":{"line":14,"column":2}},"3":{"start":{"line":16,"column":19},"end":{"line":26,"column":2}},"4":{"start":{"line":27,"column":18},"end":{"line":31,"column":2}},"5":{"start":{"line":33,"column":16},"end":{"line":33,"column":58}},"6":{"start":{"line":34,"column":14},"end":{"line":34,"column":52}},"7":{"start":{"line":35,"column":13},"end":{"line":35,"column":49}},"8":{"start":{"line":38,"column":19},"end":{"line":96,"column":1}},"9":{"start":{"line":40,"column":18},"end":{"line":40,"column":54}},"10":{"start":{"line":42,"column":18},"end":{"line":46,"column":3}},"11":{"start":{"line":49,"column":2},"end":{"line":94,"column":3}},"12":{"start":{"line":52,"column":17},"end":{"line":52,"column":22}},"13":{"start":{"line":53,"column":4},"end":{"line":55,"column":5}},"14":{"start":{"line":54,"column":6},"end":{"line":54,"column":20}},"15":{"start":{"line":57,"column":22},"end":{"line":65,"column":5}},"16":{"start":{"line":67,"column":18},"end":{"line":69,"column":8}},"17":{"start":{"line":71,"column":4},"end":{"line":92,"column":5}},"18":{"start":{"line":73,"column":6},"end":{"line":80,"column":7}},"19":{"start":{"line":82,"column":19},"end":{"line":84,"column":10}},"20":{"start":{"line":86,"column":6},"end":{"line":91,"column":7}},"21":{"start":{"line":87,"column":8},"end":{"line":90,"column":9}},"22":{"start":{"line":89,"column":10},"end":{"line":89,"column":86}},"23":{"start":{"line":93,"column":4},"end":{"line":93,"column":39}},"24":{"start":{"line":95,"column":2},"end":{"line":95,"column":19}},"25":{"start":{"line":98,"column":21},"end":{"line":114,"column":1}},"26":{"start":{"line":99,"column":17},"end":{"line":101,"column":4}},"27":{"start":{"line":100,"column":4},"end":{"line":100,"column":16}},"28":{"start":{"line":102,"column":12},"end":{"line":111,"column":3}},"29":{"start":{"line":112,"column":16},"end":{"line":112,"column":43}},"30":{"start":{"line":113,"column":2},"end":{"line":113,"column":16}},"31":{"start":{"line":116,"column":23},"end":{"line":119,"column":1}},"32":{"start":{"line":117,"column":16},"end":{"line":117,"column":93}},"33":{"start":{"line":118,"column":2},"end":{"line":118,"column":16}},"34":{"start":{"line":120,"column":17},"end":{"line":155,"column":1}},"35":{"start":{"line":121,"column":18},"end":{"line":124,"column":33}},"36":{"start":{"line":126,"column":16},"end":{"line":128,"column":6}},"37":{"start":{"line":130,"column":2},"end":{"line":151,"column":3}},"38":{"start":{"line":132,"column":20},"end":{"line":139,"column":5}},"39":{"start":{"line":140,"column":17},"end":{"line":142,"column":8}},"40":{"start":{"line":144,"column":4},"end":{"line":148,"column":5}},"41":{"start":{"line":145,"column":6},"end":{"line":147,"column":7}},"42":{"start":{"line":146,"column":8},"end":{"line":146,"column":67}},"43":{"start":{"line":150,"column":4},"end":{"line":150,"column":37}},"44":{"start":{"line":153,"column":0},"end":{"line":153,"column":17}},"45":{"start":{"line":156,"column":17},"end":{"line":172,"column":1}},"46":{"start":{"line":157,"column":17},"end":{"line":159,"column":4}},"47":{"start":{"line":158,"column":4},"end":{"line":158,"column":16}},"48":{"start":{"line":160,"column":12},"end":{"line":169,"column":3}},"49":{"start":{"line":170,"column":16},"end":{"line":170,"column":41}},"50":{"start":{"line":171,"column":2},"end":{"line":171,"column":16}},"51":{"start":{"line":174,"column":20},"end":{"line":177,"column":1}},"52":{"start":{"line":175,"column":16},"end":{"line":175,"column":97}},"53":{"start":{"line":176,"column":2},"end":{"line":176,"column":16}},"54":{"start":{"line":179,"column":19},"end":{"line":183,"column":1}},"55":{"start":{"line":180,"column":2},"end":{"line":180,"column":29}},"56":{"start":{"line":181,"column":16},"end":{"line":181,"column":90}},"57":{"start":{"line":182,"column":2},"end":{"line":182,"column":16}},"58":{"start":{"line":185,"column":21},"end":{"line":189,"column":1}},"59":{"start":{"line":186,"column":2},"end":{"line":186,"column":31}},"60":{"start":{"line":187,"column":16},"end":{"line":187,"column":94}},"61":{"start":{"line":188,"column":2},"end":{"line":188,"column":16}},"62":{"start":{"line":191,"column":0},"end":{"line":200,"column":1}}},"fnMap":{"0":{"name":"(anonymous_0)","decl":{"start":{"line":38,"column":19},"end":{"line":38,"column":20}},"loc":{"start":{"line":38,"column":38},"end":{"line":96,"column":1}},"line":38},"1":{"name":"(anonymous_1)","decl":{"start":{"line":98,"column":21},"end":{"line":98,"column":22}},"loc":{"start":{"line":98,"column":37},"end":{"line":114,"column":1}},"line":98},"2":{"name":"(anonymous_2)","decl":{"start":{"line":99,"column":52},"end":{"line":99,"column":53}},"loc":{"start":{"line":99,"column":73},"end":{"line":101,"column":3}},"line":99},"3":{"name":"(anonymous_3)","decl":{"start":{"line":116,"column":23},"end":{"line":116,"column":24}},"loc":{"start":{"line":116,"column":45},"end":{"line":119,"column":1}},"line":116},"4":{"name":"(anonymous_4)","decl":{"start":{"line":120,"column":17},"end":{"line":120,"column":18}},"loc":{"start":{"line":120,"column":39},"end":{"line":155,"column":1}},"line":120},"5":{"name":"(anonymous_5)","decl":{"start":{"line":156,"column":17},"end":{"line":156,"column":18}},"loc":{"start":{"line":156,"column":45},"end":{"line":172,"column":1}},"line":156},"6":{"name":"(anonymous_6)","decl":{"start":{"line":157,"column":50},"end":{"line":157,"column":51}},"loc":{"start":{"line":157,"column":71},"end":{"line":159,"column":3}},"line":157},"7":{"name":"(anonymous_7)","decl":{"start":{"line":174,"column":20},"end":{"line":174,"column":21}},"loc":{"start":{"line":174,"column":40},"end":{"line":177,"column":1}},"line":174},"8":{"name":"(anonymous_8)","decl":{"start":{"line":179,"column":19},"end":{"line":179,"column":20}},"loc":{"start":{"line":179,"column":39},"end":{"line":183,"column":1}},"line":179},"9":{"name":"(anonymous_9)","decl":{"start":{"line":185,"column":21},"end":{"line":185,"column":22}},"loc":{"start":{"line":185,"column":43},"end":{"line":189,"column":1}},"line":185}},"branchMap":{"0":{"loc":{"start":{"line":53,"column":4},"end":{"line":55,"column":5}},"type":"if","locations":[{"start":{"line":53,"column":4},"end":{"line":55,"column":5}},{"start":{},"end":{}}],"line":53},"1":{"loc":{"start":{"line":86,"column":6},"end":{"line":91,"column":7}},"type":"if","locations":[{"start":{"line":86,"column":6},"end":{"line":91,"column":7}},{"start":{},"end":{}}],"line":86},"2":{"loc":{"start":{"line":144,"column":4},"end":{"line":148,"column":5}},"type":"if","locations":[{"start":{"line":144,"column":4},"end":{"line":148,"column":5}},{"start":{},"end":{}}],"line":144}},"s":{"0":1,"1":1,"2":1,"3":1,"4":1,"5":1,"6":1,"7":1,"8":1,"9":0,"10":0,"11":0,"12":0,"13":0,"14":0,"15":0,"16":0,"17":0,"18":0,"19":0,"20":0,"21":0,"22":0,"23":0,"24":0,"25":1,"26":0,"27":0,"28":0,"29":0,"30":0,"31":1,"32":0,"33":0,"34":1,"35":0,"36":0,"37":0,"38":0,"39":0,"40":0,"41":0,"42":0,"43":0,"44":0,"45":1,"46":0,"47":0,"48":0,"49":0,"50":0,"51":1,"52":0,"53":0,"54":1,"55":0,"56":0,"57":0,"58":1,"59":0,"60":0,"61":0,"62":1},"f":{"0":0,"1":0,"2":0,"3":0,"4":0,"5":0,"6":0,"7":0,"8":0,"9":0},"b":{"0":[0,0],"1":[0,0],"2":[0,0]},"_coverageSchema":"1a1c01bbd47fc00a2c39e90264f33305004495a9","hash":"a1d34340e722ed6adb4a249884c8cda041c538f6"}
}
