TN:
SF:index.js
FN:8,(anonymous_0)
FN:10,(anonymous_1)
FN:11,(anonymous_2)
FN:17,(anonymous_3)
FN:19,(anonymous_4)
FN:22,(anonymous_5)
FN:28,(anonymous_6)
FN:30,(anonymous_7)
FN:31,(anonymous_8)
FN:37,(anonymous_9)
FN:39,(anonymous_10)
FN:40,(anonymous_11)
FN:48,(anonymous_12)
FN:50,(anonymous_13)
FN:51,(anonymous_14)
FN:57,(anonymous_15)
FN:59,(anonymous_16)
FN:62,(anonymous_17)
FN:68,(anonymous_18)
FN:70,(anonymous_19)
FN:71,(anonymous_20)
FN:77,(anonymous_21)
FN:79,(anonymous_22)
FN:80,(anonymous_23)
FN:88,(anonymous_24)
FNF:25
FNH:0
FNDA:0,(anonymous_0)
FNDA:0,(anonymous_1)
FNDA:0,(anonymous_2)
FNDA:0,(anonymous_3)
FNDA:0,(anonymous_4)
FNDA:0,(anonymous_5)
FNDA:0,(anonymous_6)
FNDA:0,(anonymous_7)
FNDA:0,(anonymous_8)
FNDA:0,(anonymous_9)
FNDA:0,(anonymous_10)
FNDA:0,(anonymous_11)
FNDA:0,(anonymous_12)
FNDA:0,(anonymous_13)
FNDA:0,(anonymous_14)
FNDA:0,(anonymous_15)
FNDA:0,(anonymous_16)
FNDA:0,(anonymous_17)
FNDA:0,(anonymous_18)
FNDA:0,(anonymous_19)
FNDA:0,(anonymous_20)
FNDA:0,(anonymous_21)
FNDA:0,(anonymous_22)
FNDA:0,(anonymous_23)
FNDA:0,(anonymous_24)
DA:1,1
DA:2,1
DA:3,1
DA:4,1
DA:5,1
DA:6,1
DA:8,1
DA:10,0
DA:12,0
DA:13,0
DA:17,1
DA:18,0
DA:20,0
DA:23,0
DA:24,0
DA:28,1
DA:29,0
DA:30,0
DA:32,0
DA:33,0
DA:37,1
DA:38,0
DA:39,0
DA:41,0
DA:42,0
DA:48,1
DA:49,0
DA:50,0
DA:52,0
DA:53,0
DA:57,1
DA:58,0
DA:60,0
DA:63,0
DA:64,0
DA:68,1
DA:69,0
DA:70,0
DA:72,0
DA:73,0
DA:77,1
DA:78,0
DA:79,0
DA:81,0
DA:82,0
DA:88,1
DA:89,0
DA:92,1
LF:48
LH:16
BRDA:4,0,0,1
BRDA:4,0,1,1
BRF:2
BRH:2
end_of_record
TN:
SF:db/index.js
FN:38,(anonymous_0)
FN:98,(anonymous_1)
FN:99,(anonymous_2)
FN:116,(anonymous_3)
FN:120,(anonymous_4)
FN:156,(anonymous_5)
FN:157,(anonymous_6)
FN:174,(anonymous_7)
FN:179,(anonymous_8)
FN:185,(anonymous_9)
FNF:10
FNH:0
FNDA:0,(anonymous_0)
FNDA:0,(anonymous_1)
FNDA:0,(anonymous_2)
FNDA:0,(anonymous_3)
FNDA:0,(anonymous_4)
FNDA:0,(anonymous_5)
FNDA:0,(anonymous_6)
FNDA:0,(anonymous_7)
FNDA:0,(anonymous_8)
FNDA:0,(anonymous_9)
DA:1,1
DA:3,1
DA:5,1
DA:16,1
DA:27,1
DA:33,1
DA:34,1
DA:35,1
DA:38,1
DA:40,0
DA:42,0
DA:49,0
DA:52,0
DA:53,0
DA:54,0
DA:57,0
DA:67,0
DA:71,0
DA:73,0
DA:82,0
DA:86,0
DA:87,0
DA:89,0
DA:93,0
DA:95,0
DA:98,1
DA:99,0
DA:100,0
DA:102,0
DA:112,0
DA:113,0
DA:116,1
DA:117,0
DA:118,0
DA:120,1
DA:121,0
DA:126,0
DA:130,0
DA:132,0
DA:140,0
DA:144,0
DA:145,0
DA:146,0
DA:150,0
DA:153,0
DA:156,1
DA:157,0
DA:158,0
DA:160,0
DA:170,0
DA:171,0
DA:174,1
DA:175,0
DA:176,0
DA:179,1
DA:180,0
DA:181,0
DA:182,0
DA:185,1
DA:186,0
DA:187,0
DA:188,0
DA:191,1
LF:63
LH:17
BRDA:53,0,0,0
BRDA:53,0,1,0
BRDA:86,1,0,0
BRDA:86,1,1,0
BRDA:144,2,0,0
BRDA:144,2,1,0
BRF:6
BRH:0
end_of_record
